<?xml version="1.0" encoding="UTF-8"?>
<testng-results skipped="0" failed="0" ignored="0" total="2" passed="2">
  <reporter-output>
  </reporter-output>
  <suite name="Default suite" duration-ms="224" started-at="2018-08-29T02:19:31Z" finished-at="2018-08-29T02:19:31Z">
    <groups>
    </groups>
    <test name="Default test" duration-ms="224" started-at="2018-08-29T02:19:31Z" finished-at="2018-08-29T02:19:31Z">
      <class name="com.api.tests.JSONDataBind">
        <test-method status="PASS" signature="simpleGetRequest()[pri:1, instance:com.api.tests.JSONDataBind@29ca901e]" name="simpleGetRequest" duration-ms="188" started-at="2018-08-29T02:19:31Z" finished-at="2018-08-29T02:19:31Z">
          <reporter-output>
          </reporter-output>
        </test-method> <!-- simpleGetRequest -->
        <test-method status="PASS" signature="dataBind3()[pri:2, instance:com.api.tests.JSONDataBind@29ca901e]" name="dataBind3" duration-ms="13" started-at="2018-08-29T02:19:31Z" finished-at="2018-08-29T02:19:31Z">
          <reporter-output>
          </reporter-output>
        </test-method> <!-- dataBind3 -->
      </class> <!-- com.api.tests.JSONDataBind -->
    </test> <!-- Default test -->
  </suite> <!-- Default suite -->
</testng-results>
